<?xml version="1.0" encoding="UTF-8"?>
<testsuite xmlns:xsi="http://www.w3.org/2001/XMLSchema-instance" xsi:noNamespaceSchemaLocation="https://maven.apache.org/surefire/maven-surefire-plugin/xsd/surefire-test-report.xsd" name="it.unipd.mtss.AppTest" time="0.197" tests="3" errors="0" skipped="0" failures="0">
  <properties>
    <property name="sun.desktop" value="windows"/>
    <property name="awt.toolkit" value="sun.awt.windows.WToolkit"/>
    <property name="file.encoding.pkg" value="sun.io"/>
    <property name="java.specification.version" value="1.8"/>
    <property name="sun.cpu.isalist" value="amd64"/>
    <property name="sun.jnu.encoding" value="GBK"/>
    <property name="java.class.path" value="d:\Users\yihao zhuo\Desktop\UNIPD\MTSS\Roman-number\MTSS2\target\test-classes;d:\Users\yihao zhuo\Desktop\UNIPD\MTSS\Roman-number\MTSS2\target\classes;C:\Users\yihao zhuo\.m2\repository\junit\junit\4.11\junit-4.11.jar;C:\Users\yihao zhuo\.m2\repository\org\hamcrest\hamcrest-core\1.3\hamcrest-core-1.3.jar;"/>
    <property name="java.vm.vendor" value="Oracle Corporation"/>
    <property name="sun.arch.data.model" value="64"/>
    <property name="user.variant" value=""/>
    <property name="java.vendor.url" value="http://java.oracle.com/"/>
    <property name="user.timezone" value="Europe/Berlin"/>
    <property name="java.vm.specification.version" value="1.8"/>
    <property name="os.name" value="Windows 11"/>
    <property name="user.country" value="CN"/>
    <property name="sun.java.launcher" value="SUN_STANDARD"/>
    <property name="sun.boot.library.path" value="D:\Program Files\Java\jdk-1.8\jre\bin"/>
    <property name="sun.java.command" value="C:\Users\YIHAOZ~1\AppData\Local\Temp\surefire8019285240199570033\surefirebooter8530969098319906580.jar C:\Users\yihao zhuo\AppData\Local\Temp\surefire8019285240199570033 2024-05-17T23-12-50_706-jvmRun1 surefire7516859064333891512tmp surefire_06501720191176899949tmp"/>
    <property name="surefire.test.class.path" value="d:\Users\yihao zhuo\Desktop\UNIPD\MTSS\Roman-number\MTSS2\target\test-classes;d:\Users\yihao zhuo\Desktop\UNIPD\MTSS\Roman-number\MTSS2\target\classes;C:\Users\yihao zhuo\.m2\repository\junit\junit\4.11\junit-4.11.jar;C:\Users\yihao zhuo\.m2\repository\org\hamcrest\hamcrest-core\1.3\hamcrest-core-1.3.jar;"/>
    <property name="sun.cpu.endian" value="little"/>
    <property name="user.home" value="C:\Users\yihao zhuo"/>
    <property name="user.language" value="zh"/>
    <property name="java.specification.vendor" value="Oracle Corporation"/>
    <property name="java.home" value="D:\Program Files\Java\jdk-1.8\jre"/>
    <property name="basedir" value="d:\Users\yihao zhuo\Desktop\UNIPD\MTSS\Roman-number\MTSS2"/>
    <property name="file.separator" value="\"/>
    <property name="line.separator" value="&#10;"/>
    <property name="java.vm.specification.vendor" value="Oracle Corporation"/>
    <property name="java.specification.name" value="Java Platform API Specification"/>
    <property name="java.awt.graphicsenv" value="sun.awt.Win32GraphicsEnvironment"/>
    <property name="surefire.real.class.path" value="C:\Users\YIHAOZ~1\AppData\Local\Temp\surefire8019285240199570033\surefirebooter8530969098319906580.jar;C:\\Users\\yihao zhuo\\.m2\\repository\\org\\jacoco\\org.jacoco.agent\\0.8.11\\org.jacoco.agent-0.8.11-runtime.jar"/>
    <property name="sun.boot.class.path" value="D:\Program Files\Java\jdk-1.8\jre\lib\resources.jar;D:\Program Files\Java\jdk-1.8\jre\lib\rt.jar;D:\Program Files\Java\jdk-1.8\jre\lib\jsse.jar;D:\Program Files\Java\jdk-1.8\jre\lib\jce.jar;D:\Program Files\Java\jdk-1.8\jre\lib\charsets.jar;D:\Program Files\Java\jdk-1.8\jre\lib\jfr.jar;D:\Program Files\Java\jdk-1.8\jre\classes"/>
    <property name="user.script" value=""/>
    <property name="sun.management.compiler" value="HotSpot 64-Bit Tiered Compilers"/>
    <property name="java.runtime.version" value="1.8.0_391-b13"/>
    <property name="user.name" value="yihao zhuo"/>
    <property name="path.separator" value=";"/>
    <property name="os.version" value="10.0"/>
    <property name="java.endorsed.dirs" value="D:\Program Files\Java\jdk-1.8\jre\lib\endorsed"/>
    <property name="java.runtime.name" value="Java(TM) SE Runtime Environment"/>
    <property name="file.encoding" value="GBK"/>
    <property name="java.vm.name" value="Java HotSpot(TM) 64-Bit Server VM"/>
    <property name="localRepository" value="C:\Users\yihao zhuo\.m2\repository"/>
    <property name="java.vendor.url.bug" value="http://bugreport.sun.com/bugreport/"/>
    <property name="java.io.tmpdir" value="C:\Users\YIHAOZ~1\AppData\Local\Temp\"/>
    <property name="java.version" value="1.8.0_391"/>
    <property name="user.dir" value="d:\Users\yihao zhuo\Desktop\UNIPD\MTSS\Roman-number\MTSS2"/>
    <property name="os.arch" value="amd64"/>
    <property name="java.vm.specification.name" value="Java Virtual Machine Specification"/>
    <property name="java.awt.printerjob" value="sun.awt.windows.WPrinterJob"/>
    <property name="sun.os.patch.level" value=""/>
    <property name="java.library.path" value="D:\Program Files\Java\jdk-1.8\jre\bin;C:\WINDOWS\Sun\Java\bin;C:\WINDOWS\system32;C:\WINDOWS;C:\Program Files\Common Files\Oracle\Java\javapath;C:\Program Files (x86)\Common Files\Oracle\Java\javapath;C:\Program Files\Eclipse Adoptium\jdk-21.0.2.13-hotspot\bin;C:\Program Files (x86)\NVIDIA Corporation\PhysX\Common;D:\Program Files\Java\jdk-19\bin;C:\Program Files (x86)\Common Files\Intel\Shared Libraries\redist\intel64\compiler;C:\Windows\system32;C:\Windows;C:\Windows\System32\Wbem;C:\Windows\System32\WindowsPowerShell\v1.0;C:\Program Files\NVIDIA Corporation\NVIDIA NvDLISR;C:\Program Files\dotnet;C:\src\flutter\bin;C:\Program Files (x86)\Qualcomm\QIKTool\1.0.95.2;C:\Program Files (x86)\Qualcomm\QXDM4;C:\Program Files\nodejs\;C:\WINDOWS\system32;C:\WINDOWS;C:\WINDOWS\System32\Wbem;C:\WINDOWS\System32\WindowsPowerShell\v1.0\;D:\Program Files\PostgreSQL\15\lib;D:\Program Files\PostgreSQL\15\bin;C:\Program Files\OpenSSL-Win64\bin;C:\Windows\System32\OpenSSH;C:\Program Files\Wolfram Research\WolframScript\;D:\xampp\php;C:\ProgramData\ComposerSetup\bin;C:\WINDOWS\System32\OpenSSH\;C:\Program Files\ffmpeg\bin;D:\Program Files (x86)\Tencent\微信web开发者工具\dll;C:\Pro;ram Files\Git\cmd;C:\Program Files\Docker\Docker\resources\bin;C:\Program Files\Git\cmd;C:\Program Files\Tesseract-OCR;D:\Program Files\Maven\bin;C:\Users\yihao zhuo\AppData\Local\Programs\Python\Python310\Scripts\;C:\Users\yihao zhuo\AppData\Local\Programs\Python\Python310\;C:\Users\yihao zhuo\AppData\Local\Microsoft\WindowsApps;D:\Program Files\Microsoft VS Code\bin;C:\Users\yihao zhuo\.dotnet\tools;C:\Users\yihao zhuo\AppData\Roaming\npm;C:\Users\yihao zhuo\AppData\Local\Programs\Fiddler;C:\Users\yihao zhuo\AppData\Roaming\Composer\vendor\bin;C:\Users\yihao zhuo\.dotnet\tools;C:\Users\yihao zhuo\AppData\Local\Microsoft\WindowsApps;C:\Program Files (x86)\Nmap;D:\Qt\6.2.4\mingw_64;D:\Qt\6.2.4\mingw_64\bin;D:\Qt\Tools\mingw1120_64\bin;D:\Qt\Tools\CMake_64\bin;C:\Users\yihao zhuo\AppData\Local\GitHubDesktop\bin;."/>
    <property name="java.vm.info" value="mixed mode"/>
    <property name="java.vendor" value="Oracle Corporation"/>
    <property name="java.vm.version" value="25.391-b13"/>
    <property name="java.specification.maintenance.version" value="5"/>
    <property name="java.ext.dirs" value="D:\Program Files\Java\jdk-1.8\jre\lib\ext;C:\WINDOWS\Sun\Java\lib\ext"/>
    <property name="sun.io.unicode.encoding" value="UnicodeLittle"/>
    <property name="java.class.version" value="52.0"/>
  </properties>
  <testcase name="simpleUsage" classname="it.unipd.mtss.AppTest" time="0.086"/>
  <testcase name="existenceTest" classname="it.unipd.mtss.AppTest" time="0.005"/>
  <testcase name="conformanceTest" classname="it.unipd.mtss.AppTest" time="0.011"/>
</testsuite>